{
  "stats": {
    "suites": 1,
    "tests": 1,
    "passes": 1,
    "pending": 0,
    "failures": 0,
    "start": "2025-08-08T19:23:13.897Z",
    "end": "2025-08-08T19:23:37.299Z",
    "duration": 23402,
    "testsRegistered": 1,
    "passPercent": 100,
    "pendingPercent": 0,
    "other": 0,
    "hasOther": false,
    "skipped": 0,
    "hasSkipped": false
  },
  "results": [
    {
      "uuid": "499df362-ab5a-4605-90e7-07f2b285d2d0",
      "title": "",
      "fullFile": "C:\\Users\\tutan\\Tarea-4-Selenium\\tests\\Delete-proyects.spec.js",
      "file": "\\tests\\Delete-proyects.spec.js",
      "beforeHooks": [],
      "afterHooks": [],
      "tests": [],
      "suites": [
        {
          "uuid": "f67d0225-0f76-487f-8e27-c1545b6a830d",
          "title": "Funcionalidad de Eliminación de Proyecto en Timecamp",
          "fullFile": "C:\\Users\\tutan\\Tarea-4-Selenium\\tests\\Delete-proyects.spec.js",
          "file": "\\tests\\Delete-proyects.spec.js",
          "beforeHooks": [
            {
              "title": "\"before all\" hook in \"Funcionalidad de Eliminación de Proyecto en Timecamp\"",
              "fullTitle": "Funcionalidad de Eliminación de Proyecto en Timecamp \"before all\" hook in \"Funcionalidad de Eliminación de Proyecto en Timecamp\"",
              "timedOut": false,
              "duration": 1132,
              "state": null,
              "speed": null,
              "pass": false,
              "fail": false,
              "pending": false,
              "context": null,
              "code": "driver = await new Builder()\n    .forBrowser('chrome')\n    .setChromeService(service)\n    .build();",
              "err": {},
              "uuid": "6aaca03e-2d86-46c3-8148-b382b2baf1a8",
              "parentUUID": "f67d0225-0f76-487f-8e27-c1545b6a830d",
              "isHook": true,
              "skipped": false
            }
          ],
          "afterHooks": [
            {
              "title": "\"after all\" hook in \"Funcionalidad de Eliminación de Proyecto en Timecamp\"",
              "fullTitle": "Funcionalidad de Eliminación de Proyecto en Timecamp \"after all\" hook in \"Funcionalidad de Eliminación de Proyecto en Timecamp\"",
              "timedOut": false,
              "duration": 190,
              "state": null,
              "speed": null,
              "pass": false,
              "fail": false,
              "pending": false,
              "context": null,
              "code": "if (driver) await driver.quit();",
              "err": {},
              "uuid": "38e776c1-7ccb-4533-b6b8-1d897eabc112",
              "parentUUID": "f67d0225-0f76-487f-8e27-c1545b6a830d",
              "isHook": true,
              "skipped": false
            }
          ],
          "tests": [
            {
              "title": "Debe eliminar el primer proyecto visible correctamente",
              "fullTitle": "Funcionalidad de Eliminación de Proyecto en Timecamp Debe eliminar el primer proyecto visible correctamente",
              "timedOut": false,
              "duration": 22071,
              "state": "passed",
              "speed": "slow",
              "pass": true,
              "fail": false,
              "pending": false,
              "context": null,
              "code": "console.log('\\n--- INICIANDO PRUEBA DE ELIMINACIÓN DE PROYECTO ---');\n// Paso 1: Iniciar sesión\nawait driver.get('https://app.timecamp.com/auth/login');\nconst emailInput = await driver.wait(until.elementLocated(By.id('email')), 15000);\nconst passwordInput = await driver.wait(until.elementLocated(By.id('pass_hash')), 15000);\nawait emailInput.sendKeys('penp57981@gmail.com');\nawait passwordInput.sendKeys('Preubatarea4...');\nconst loginButton = await driver.wait(until.elementLocated(By.css('button[type=\"submit\"]')), 10000);\nawait loginButton.click();\nawait driver.wait(until.urlContains('https://app.timecamp.com/app#/timesheets/timer'), 20000);\nconsole.log('✅ Inicio de sesión exitoso.');\nawait sleep(2000);\n// Paso 2: Navegar a proyectos\nawait driver.executeScript(`\n  const mainMenuDiv = document.querySelector('div#main-menu-v');\n  if (!mainMenuDiv) throw new Error('No existe div#main-menu-v');\n  const sidebar = mainMenuDiv.querySelector('web-main-sidebar');\n  if (!sidebar) throw new Error('No existe web-main-sidebar');\n  const shadowRoot = sidebar.shadowRoot;\n  if (!shadowRoot) throw new Error('No existe shadowRoot en web-main-sidebar');\n  const projectsLink = shadowRoot.querySelector('a[href=\"/time_tracking/manage\"]');\n  if (!projectsLink) throw new Error('No se encontró enlace de proyectos');\n  projectsLink.click();\n`);\nawait driver.wait(until.urlContains('/time_tracking/manage'), 15000);\nconsole.log('✅ Se ha llegado a la página de Proyectos.');\nawait takeScreenshot('projects-page-before-delete');\nawait sleep(2000);\n// Paso 3: Hacer click en el primer proyecto para abrir menú lateral\nconst firstProjectDiv = await driver.wait(\n    until.elementLocated(By.css('div.tc-ui-task-name.tc-ui-task-name-clickable')),\n    15000\n);\nawait firstProjectDiv.click();\nconsole.log('✅ Se hizo click en el primer proyecto para abrir menú lateral.');\nawait sleep(1500);\n// Paso 4: Hacer click en el botón con data-testid=\"view-more-actions\" para abrir menú desplegable\nconst menuButton = await driver.wait(\n    until.elementLocated(By.css('button[data-testid=\"view-more-actions\"]')),\n    10000\n);\nawait menuButton.click();\nconsole.log('✅ Se hizo click en el botón de más acciones para desplegar menú.');\nawait sleep(1500);\nawait takeScreenshot('menu-more-actions-opened');\n// Paso 5: Hacer click en el enlace \"Delete\" dentro del menú desplegable\nconst deleteLink = await driver.wait(\n    until.elementLocated(By.css('a.task-btn-delete[data-testid=\"project-action-delete\"]')),\n    10000\n);\nawait deleteLink.click();\nconsole.log('✅ Se hizo click en \"Delete\" para abrir modal de confirmación.');\nawait sleep(1500);\nawait takeScreenshot('delete-modal-opened');\n// Paso 6: En el modal, hacer click en el botón \"Delete project\" para confirmar\nconst confirmDeleteBtn = await driver.wait(\n    until.elementLocated(By.css('button.btn.btn-success[data-bb-handler=\"confirm\"]')),\n    10000\n);\nawait confirmDeleteBtn.click();\nconsole.log('✅ Se hizo click en \"Delete project\" para confirmar la eliminación.');\nawait sleep(3000); // Pausa para que se complete la eliminación\nawait takeScreenshot('project-deleted');\nconsole.log('--- PRUEBA DE ELIMINACIÓN DE PROYECTO FINALIZADA ---');",
              "err": {},
              "uuid": "34547b4e-3ea4-4ab7-9b42-1fa22953aca8",
              "parentUUID": "f67d0225-0f76-487f-8e27-c1545b6a830d",
              "isHook": false,
              "skipped": false
            }
          ],
          "suites": [],
          "passes": [
            "34547b4e-3ea4-4ab7-9b42-1fa22953aca8"
          ],
          "failures": [],
          "pending": [],
          "skipped": [],
          "duration": 22071,
          "root": false,
          "rootEmpty": false,
          "_timeout": 120000
        }
      ],
      "passes": [],
      "failures": [],
      "pending": [],
      "skipped": [],
      "duration": 0,
      "root": true,
      "rootEmpty": true,
      "_timeout": 30000
    }
  ],
  "meta": {
    "mocha": {
      "version": "11.7.1"
    },
    "mochawesome": {
      "options": {
        "quiet": false,
        "reportFilename": "mochawesome",
        "saveHtml": true,
        "saveJson": true,
        "consoleReporter": "spec",
        "useInlineDiffs": false,
        "code": true
      },
      "version": "7.1.3"
    },
    "marge": {
      "options": null,
      "version": "6.2.0"
    }
  }
}